ARM GAS  /var/folders/dn/4cs4bb4d3kn04xk9lptm0ny00000gn/T//cclwuAdw.s 			page 1


   1              		.cpu cortex-m4
   2              		.eabi_attribute 27, 1
   3              		.eabi_attribute 28, 1
   4              		.eabi_attribute 20, 1
   5              		.eabi_attribute 21, 1
   6              		.eabi_attribute 23, 3
   7              		.eabi_attribute 24, 1
   8              		.eabi_attribute 25, 1
   9              		.eabi_attribute 26, 1
  10              		.eabi_attribute 30, 1
  11              		.eabi_attribute 34, 1
  12              		.eabi_attribute 18, 4
  13              		.file	"REXTI1_Handler.c"
  14              		.text
  15              	.Ltext0:
  16              		.cfi_sections	.debug_frame
  17              		.section	.text.EXTI1_IRQHandler,"ax",%progbits
  18              		.align	1
  19              		.global	EXTI1_IRQHandler
  20              		.arch armv7e-m
  21              		.syntax unified
  22              		.thumb
  23              		.thumb_func
  24              		.fpu fpv4-sp-d16
  26              	EXTI1_IRQHandler:
  27              	.LFB697:
  28              		.file 1 "Src/REXTI1_Handler.c"
   1:Src/REXTI1_Handler.c **** #include "main.h"
   2:Src/REXTI1_Handler.c **** #include "REXTI1_Handler.h"
   3:Src/REXTI1_Handler.c **** 
   4:Src/REXTI1_Handler.c **** void EXTI1_IRQHandler(void)
   5:Src/REXTI1_Handler.c **** {
  29              		.loc 1 5 1 view -0
  30              		.cfi_startproc
  31              		@ args = 0, pretend = 0, frame = 0
  32              		@ frame_needed = 0, uses_anonymous_args = 0
  33 0000 08B5     		push	{r3, lr}
  34              	.LCFI0:
  35              		.cfi_def_cfa_offset 8
  36              		.cfi_offset 3, -8
  37              		.cfi_offset 14, -4
   6:Src/REXTI1_Handler.c ****     HAL_GPIO_TogglePin(GPIOB,LD_R_Pin);
  38              		.loc 1 6 5 view .LVU1
  39 0002 4FF40071 		mov	r1, #512
  40 0006 0248     		ldr	r0, .L3
  41 0008 FFF7FEFF 		bl	HAL_GPIO_TogglePin
  42              	.LVL0:
   7:Src/REXTI1_Handler.c **** }...
  43              		.loc 1 7 1 is_stmt 0 view .LVU2
  44 000c 08BD     		pop	{r3, pc}
  45              	.L4:
  46 000e 00BF     		.align	2
  47              	.L3:
  48 0010 00040048 		.word	1207960576
  49              		.cfi_endproc
  50              	.LFE697:
  52              		.text
ARM GAS  /var/folders/dn/4cs4bb4d3kn04xk9lptm0ny00000gn/T//cclwuAdw.s 			page 2


  53              	.Letext0:
  54              		.file 2 "/usr/local/Cellar/gcc-arm-none-eabi-80/20181220/arm-none-eabi/include/machine/_default_ty
  55              		.file 3 "/usr/local/Cellar/gcc-arm-none-eabi-80/20181220/arm-none-eabi/include/sys/_stdint.h"
  56              		.file 4 "Drivers/CMSIS/Include/core_cm4.h"
  57              		.file 5 "Drivers/CMSIS/Device/ST/STM32F3xx/Include/system_stm32f3xx.h"
  58              		.file 6 "Drivers/CMSIS/Device/ST/STM32F3xx/Include/stm32f334x8.h"
  59              		.file 7 "/usr/local/Cellar/gcc-arm-none-eabi-80/20181220/arm-none-eabi/include/sys/lock.h"
  60              		.file 8 "/usr/local/Cellar/gcc-arm-none-eabi-80/20181220/arm-none-eabi/include/sys/_types.h"
  61              		.file 9 "/usr/local/Cellar/gcc-arm-none-eabi-80/20181220/lib/gcc/arm-none-eabi/8.2.1/include/stdde
  62              		.file 10 "/usr/local/Cellar/gcc-arm-none-eabi-80/20181220/arm-none-eabi/include/sys/reent.h"
  63              		.file 11 "Drivers/STM32F3xx_HAL_Driver/Inc/stm32f3xx_hal.h"
  64              		.file 12 "Drivers/STM32F3xx_HAL_Driver/Inc/stm32f3xx_ll_dma.h"
  65              		.file 13 "Drivers/STM32F3xx_HAL_Driver/Inc/stm32f3xx_hal_gpio.h"
ARM GAS  /var/folders/dn/4cs4bb4d3kn04xk9lptm0ny00000gn/T//cclwuAdw.s 			page 3


DEFINED SYMBOLS
                            *ABS*:0000000000000000 REXTI1_Handler.c
/var/folders/dn/4cs4bb4d3kn04xk9lptm0ny00000gn/T//cclwuAdw.s:18     .text.EXTI1_IRQHandler:0000000000000000 $t
/var/folders/dn/4cs4bb4d3kn04xk9lptm0ny00000gn/T//cclwuAdw.s:26     .text.EXTI1_IRQHandler:0000000000000000 EXTI1_IRQHandler
/var/folders/dn/4cs4bb4d3kn04xk9lptm0ny00000gn/T//cclwuAdw.s:48     .text.EXTI1_IRQHandler:0000000000000010 $d

UNDEFINED SYMBOLS
HAL_GPIO_TogglePin
