ARM GAS  /var/folders/dn/4cs4bb4d3kn04xk9lptm0ny00000gn/T//ccl2P5Ev.s 			page 1


   1              		.cpu cortex-m4
   2              		.eabi_attribute 27, 1
   3              		.eabi_attribute 28, 1
   4              		.eabi_attribute 20, 1
   5              		.eabi_attribute 21, 1
   6              		.eabi_attribute 23, 3
   7              		.eabi_attribute 24, 1
   8              		.eabi_attribute 25, 1
   9              		.eabi_attribute 26, 1
  10              		.eabi_attribute 30, 1
  11              		.eabi_attribute 34, 1
  12              		.eabi_attribute 18, 4
  13              		.file	"stm32f3xx_hal_msp.c"
  14              		.text
  15              	.Ltext0:
  16              		.cfi_sections	.debug_frame
  17              		.section	.text.HAL_MspInit,"ax",%progbits
  18              		.align	1
  19              		.global	HAL_MspInit
  20              		.arch armv7e-m
  21              		.syntax unified
  22              		.thumb
  23              		.thumb_func
  24              		.fpu fpv4-sp-d16
  26              	HAL_MspInit:
  27              	.LFB697:
  28              		.file 1 "Src/stm32f3xx_hal_msp.c"
   1:Src/stm32f3xx_hal_msp.c **** /* USER CODE BEGIN Header */
   2:Src/stm32f3xx_hal_msp.c **** /**
   3:Src/stm32f3xx_hal_msp.c ****   ******************************************************************************
   4:Src/stm32f3xx_hal_msp.c ****   * File Name          : stm32f3xx_hal_msp.c
   5:Src/stm32f3xx_hal_msp.c ****   * Description        : This file provides code for the MSP Initialization 
   6:Src/stm32f3xx_hal_msp.c ****   *                      and de-Initialization codes.
   7:Src/stm32f3xx_hal_msp.c ****   ******************************************************************************
   8:Src/stm32f3xx_hal_msp.c ****   ** This notice applies to any and all portions of this file
   9:Src/stm32f3xx_hal_msp.c ****   * that are not between comment pairs USER CODE BEGIN and
  10:Src/stm32f3xx_hal_msp.c ****   * USER CODE END. Other portions of this file, whether 
  11:Src/stm32f3xx_hal_msp.c ****   * inserted by the user or by software development tools
  12:Src/stm32f3xx_hal_msp.c ****   * are owned by their respective copyright owners.
  13:Src/stm32f3xx_hal_msp.c ****   *
  14:Src/stm32f3xx_hal_msp.c ****   * COPYRIGHT(c) 2019 STMicroelectronics
  15:Src/stm32f3xx_hal_msp.c ****   *
  16:Src/stm32f3xx_hal_msp.c ****   * Redistribution and use in source and binary forms, with or without modification,
  17:Src/stm32f3xx_hal_msp.c ****   * are permitted provided that the following conditions are met:
  18:Src/stm32f3xx_hal_msp.c ****   *   1. Redistributions of source code must retain the above copyright notice,
  19:Src/stm32f3xx_hal_msp.c ****   *      this list of conditions and the following disclaimer.
  20:Src/stm32f3xx_hal_msp.c ****   *   2. Redistributions in binary form must reproduce the above copyright notice,
  21:Src/stm32f3xx_hal_msp.c ****   *      this list of conditions and the following disclaimer in the documentation
  22:Src/stm32f3xx_hal_msp.c ****   *      and/or other materials provided with the distribution.
  23:Src/stm32f3xx_hal_msp.c ****   *   3. Neither the name of STMicroelectronics nor the names of its contributors
  24:Src/stm32f3xx_hal_msp.c ****   *      may be used to endorse or promote products derived from this software
  25:Src/stm32f3xx_hal_msp.c ****   *      without specific prior written permission.
  26:Src/stm32f3xx_hal_msp.c ****   *
  27:Src/stm32f3xx_hal_msp.c ****   * THIS SOFTWARE IS PROVIDED BY THE COPYRIGHT HOLDERS AND CONTRIBUTORS "AS IS"
  28:Src/stm32f3xx_hal_msp.c ****   * AND ANY EXPRESS OR IMPLIED WARRANTIES, INCLUDING, BUT NOT LIMITED TO, THE
  29:Src/stm32f3xx_hal_msp.c ****   * IMPLIED WARRANTIES OF MERCHANTABILITY AND FITNESS FOR A PARTICULAR PURPOSE ARE
  30:Src/stm32f3xx_hal_msp.c ****   * DISCLAIMED. IN NO EVENT SHALL THE COPYRIGHT HOLDER OR CONTRIBUTORS BE LIABLE
ARM GAS  /var/folders/dn/4cs4bb4d3kn04xk9lptm0ny00000gn/T//ccl2P5Ev.s 			page 2


  31:Src/stm32f3xx_hal_msp.c ****   * FOR ANY DIRECT, INDIRECT, INCIDENTAL, SPECIAL, EXEMPLARY, OR CONSEQUENTIAL
  32:Src/stm32f3xx_hal_msp.c ****   * DAMAGES (INCLUDING, BUT NOT LIMITED TO, PROCUREMENT OF SUBSTITUTE GOODS OR
  33:Src/stm32f3xx_hal_msp.c ****   * SERVICES; LOSS OF USE, DATA, OR PROFITS; OR BUSINESS INTERRUPTION) HOWEVER
  34:Src/stm32f3xx_hal_msp.c ****   * CAUSED AND ON ANY THEORY OF LIABILITY, WHETHER IN CONTRACT, STRICT LIABILITY,
  35:Src/stm32f3xx_hal_msp.c ****   * OR TORT (INCLUDING NEGLIGENCE OR OTHERWISE) ARISING IN ANY WAY OUT OF THE USE
  36:Src/stm32f3xx_hal_msp.c ****   * OF THIS SOFTWARE, EVEN IF ADVISED OF THE POSSIBILITY OF SUCH DAMAGE.
  37:Src/stm32f3xx_hal_msp.c ****   *
  38:Src/stm32f3xx_hal_msp.c ****   ******************************************************************************
  39:Src/stm32f3xx_hal_msp.c ****   */
  40:Src/stm32f3xx_hal_msp.c **** /* USER CODE END Header */
  41:Src/stm32f3xx_hal_msp.c **** 
  42:Src/stm32f3xx_hal_msp.c **** /* Includes ------------------------------------------------------------------*/
  43:Src/stm32f3xx_hal_msp.c **** #include "main.h"
  44:Src/stm32f3xx_hal_msp.c **** /* USER CODE BEGIN Includes */
  45:Src/stm32f3xx_hal_msp.c **** 
  46:Src/stm32f3xx_hal_msp.c **** /* USER CODE END Includes */
  47:Src/stm32f3xx_hal_msp.c **** 
  48:Src/stm32f3xx_hal_msp.c **** /* Private typedef -----------------------------------------------------------*/
  49:Src/stm32f3xx_hal_msp.c **** /* USER CODE BEGIN TD */
  50:Src/stm32f3xx_hal_msp.c **** 
  51:Src/stm32f3xx_hal_msp.c **** /* USER CODE END TD */
  52:Src/stm32f3xx_hal_msp.c **** 
  53:Src/stm32f3xx_hal_msp.c **** /* Private define ------------------------------------------------------------*/
  54:Src/stm32f3xx_hal_msp.c **** /* USER CODE BEGIN Define */
  55:Src/stm32f3xx_hal_msp.c ****  
  56:Src/stm32f3xx_hal_msp.c **** /* USER CODE END Define */
  57:Src/stm32f3xx_hal_msp.c **** 
  58:Src/stm32f3xx_hal_msp.c **** /* Private macro -------------------------------------------------------------*/
  59:Src/stm32f3xx_hal_msp.c **** /* USER CODE BEGIN Macro */
  60:Src/stm32f3xx_hal_msp.c **** 
  61:Src/stm32f3xx_hal_msp.c **** /* USER CODE END Macro */
  62:Src/stm32f3xx_hal_msp.c **** 
  63:Src/stm32f3xx_hal_msp.c **** /* Private variables ---------------------------------------------------------*/
  64:Src/stm32f3xx_hal_msp.c **** /* USER CODE BEGIN PV */
  65:Src/stm32f3xx_hal_msp.c **** 
  66:Src/stm32f3xx_hal_msp.c **** /* USER CODE END PV */
  67:Src/stm32f3xx_hal_msp.c **** 
  68:Src/stm32f3xx_hal_msp.c **** /* Private function prototypes -----------------------------------------------*/
  69:Src/stm32f3xx_hal_msp.c **** /* USER CODE BEGIN PFP */
  70:Src/stm32f3xx_hal_msp.c **** 
  71:Src/stm32f3xx_hal_msp.c **** /* USER CODE END PFP */
  72:Src/stm32f3xx_hal_msp.c **** 
  73:Src/stm32f3xx_hal_msp.c **** /* External functions --------------------------------------------------------*/
  74:Src/stm32f3xx_hal_msp.c **** /* USER CODE BEGIN ExternalFunctions */
  75:Src/stm32f3xx_hal_msp.c **** 
  76:Src/stm32f3xx_hal_msp.c **** /* USER CODE END ExternalFunctions */
  77:Src/stm32f3xx_hal_msp.c **** 
  78:Src/stm32f3xx_hal_msp.c **** /* USER CODE BEGIN 0 */
  79:Src/stm32f3xx_hal_msp.c **** 
  80:Src/stm32f3xx_hal_msp.c **** /* USER CODE END 0 */
  81:Src/stm32f3xx_hal_msp.c ****                         
  82:Src/stm32f3xx_hal_msp.c **** void HAL_HRTIM_MspPostInit(HRTIM_HandleTypeDef *hhrtim);
  83:Src/stm32f3xx_hal_msp.c ****                     /**
  84:Src/stm32f3xx_hal_msp.c ****   * Initializes the Global MSP.
  85:Src/stm32f3xx_hal_msp.c ****   */
  86:Src/stm32f3xx_hal_msp.c **** void HAL_MspInit(void)
  87:Src/stm32f3xx_hal_msp.c **** {
ARM GAS  /var/folders/dn/4cs4bb4d3kn04xk9lptm0ny00000gn/T//ccl2P5Ev.s 			page 3


  29              		.loc 1 87 1 view -0
  30              		.cfi_startproc
  31              		@ args = 0, pretend = 0, frame = 8
  32              		@ frame_needed = 0, uses_anonymous_args = 0
  33 0000 00B5     		push	{lr}
  34              	.LCFI0:
  35              		.cfi_def_cfa_offset 4
  36              		.cfi_offset 14, -4
  37 0002 83B0     		sub	sp, sp, #12
  38              	.LCFI1:
  39              		.cfi_def_cfa_offset 16
  88:Src/stm32f3xx_hal_msp.c ****   /* USER CODE BEGIN MspInit 0 */
  89:Src/stm32f3xx_hal_msp.c **** 
  90:Src/stm32f3xx_hal_msp.c ****   /* USER CODE END MspInit 0 */
  91:Src/stm32f3xx_hal_msp.c **** 
  92:Src/stm32f3xx_hal_msp.c ****   __HAL_RCC_SYSCFG_CLK_ENABLE();
  40              		.loc 1 92 3 view .LVU1
  41              	.LBB2:
  42              		.loc 1 92 3 view .LVU2
  43              		.loc 1 92 3 view .LVU3
  44 0004 0C4B     		ldr	r3, .L3
  45 0006 9A69     		ldr	r2, [r3, #24]
  46 0008 42F00102 		orr	r2, r2, #1
  47 000c 9A61     		str	r2, [r3, #24]
  48              		.loc 1 92 3 view .LVU4
  49 000e 9A69     		ldr	r2, [r3, #24]
  50 0010 02F00102 		and	r2, r2, #1
  51 0014 0092     		str	r2, [sp]
  52              		.loc 1 92 3 view .LVU5
  53 0016 009A     		ldr	r2, [sp]
  54              	.LBE2:
  93:Src/stm32f3xx_hal_msp.c ****   __HAL_RCC_PWR_CLK_ENABLE();
  55              		.loc 1 93 3 view .LVU6
  56              	.LBB3:
  57              		.loc 1 93 3 view .LVU7
  58              		.loc 1 93 3 view .LVU8
  59 0018 DA69     		ldr	r2, [r3, #28]
  60 001a 42F08052 		orr	r2, r2, #268435456
  61 001e DA61     		str	r2, [r3, #28]
  62              		.loc 1 93 3 view .LVU9
  63 0020 DB69     		ldr	r3, [r3, #28]
  64 0022 03F08053 		and	r3, r3, #268435456
  65 0026 0193     		str	r3, [sp, #4]
  66              		.loc 1 93 3 view .LVU10
  67 0028 019B     		ldr	r3, [sp, #4]
  68              	.LBE3:
  94:Src/stm32f3xx_hal_msp.c **** 
  95:Src/stm32f3xx_hal_msp.c ****   HAL_NVIC_SetPriorityGrouping(NVIC_PRIORITYGROUP_0);
  69              		.loc 1 95 3 view .LVU11
  70 002a 0720     		movs	r0, #7
  71 002c FFF7FEFF 		bl	HAL_NVIC_SetPriorityGrouping
  72              	.LVL0:
  96:Src/stm32f3xx_hal_msp.c **** 
  97:Src/stm32f3xx_hal_msp.c ****   /* System interrupt init*/
  98:Src/stm32f3xx_hal_msp.c **** 
  99:Src/stm32f3xx_hal_msp.c ****   /* USER CODE BEGIN MspInit 1 */
 100:Src/stm32f3xx_hal_msp.c **** 
ARM GAS  /var/folders/dn/4cs4bb4d3kn04xk9lptm0ny00000gn/T//ccl2P5Ev.s 			page 4


 101:Src/stm32f3xx_hal_msp.c ****   /* USER CODE END MspInit 1 */
 102:Src/stm32f3xx_hal_msp.c **** }
  73              		.loc 1 102 1 is_stmt 0 view .LVU12
  74 0030 03B0     		add	sp, sp, #12
  75              	.LCFI2:
  76              		.cfi_def_cfa_offset 4
  77              		@ sp needed
  78 0032 5DF804FB 		ldr	pc, [sp], #4
  79              	.L4:
  80 0036 00BF     		.align	2
  81              	.L3:
  82 0038 00100240 		.word	1073876992
  83              		.cfi_endproc
  84              	.LFE697:
  86              		.section	.text.HAL_HRTIM_MspInit,"ax",%progbits
  87              		.align	1
  88              		.global	HAL_HRTIM_MspInit
  89              		.syntax unified
  90              		.thumb
  91              		.thumb_func
  92              		.fpu fpv4-sp-d16
  94              	HAL_HRTIM_MspInit:
  95              	.LVL1:
  96              	.LFB698:
 103:Src/stm32f3xx_hal_msp.c **** 
 104:Src/stm32f3xx_hal_msp.c **** /**
 105:Src/stm32f3xx_hal_msp.c **** * @brief HRTIM MSP Initialization
 106:Src/stm32f3xx_hal_msp.c **** * This function configures the hardware resources used in this example
 107:Src/stm32f3xx_hal_msp.c **** * @param hhrtim: HRTIM handle pointer
 108:Src/stm32f3xx_hal_msp.c **** * @retval None
 109:Src/stm32f3xx_hal_msp.c **** */
 110:Src/stm32f3xx_hal_msp.c **** void HAL_HRTIM_MspInit(HRTIM_HandleTypeDef* hhrtim)
 111:Src/stm32f3xx_hal_msp.c **** {
  97              		.loc 1 111 1 is_stmt 1 view -0
  98              		.cfi_startproc
  99              		@ args = 0, pretend = 0, frame = 8
 100              		@ frame_needed = 0, uses_anonymous_args = 0
 101              		@ link register save eliminated.
 112:Src/stm32f3xx_hal_msp.c **** 
 113:Src/stm32f3xx_hal_msp.c ****   if(hhrtim->Instance==HRTIM1)
 102              		.loc 1 113 3 view .LVU14
 103              		.loc 1 113 12 is_stmt 0 view .LVU15
 104 0000 0268     		ldr	r2, [r0]
 105              		.loc 1 113 5 view .LVU16
 106 0002 094B     		ldr	r3, .L12
 107 0004 9A42     		cmp	r2, r3
 108 0006 00D0     		beq	.L11
 109 0008 7047     		bx	lr
 110              	.L11:
 111:Src/stm32f3xx_hal_msp.c **** 
 111              		.loc 1 111 1 view .LVU17
 112 000a 82B0     		sub	sp, sp, #8
 113              	.LCFI3:
 114              		.cfi_def_cfa_offset 8
 114:Src/stm32f3xx_hal_msp.c ****   {
 115:Src/stm32f3xx_hal_msp.c ****   /* USER CODE BEGIN HRTIM1_MspInit 0 */
 116:Src/stm32f3xx_hal_msp.c **** 
ARM GAS  /var/folders/dn/4cs4bb4d3kn04xk9lptm0ny00000gn/T//ccl2P5Ev.s 			page 5


 117:Src/stm32f3xx_hal_msp.c ****   /* USER CODE END HRTIM1_MspInit 0 */
 118:Src/stm32f3xx_hal_msp.c ****     /* Peripheral clock enable */
 119:Src/stm32f3xx_hal_msp.c ****     __HAL_RCC_HRTIM1_CLK_ENABLE();
 115              		.loc 1 119 5 is_stmt 1 view .LVU18
 116              	.LBB4:
 117              		.loc 1 119 5 view .LVU19
 118              		.loc 1 119 5 view .LVU20
 119 000c 03F51C43 		add	r3, r3, #39936
 120 0010 9A69     		ldr	r2, [r3, #24]
 121 0012 42F00052 		orr	r2, r2, #536870912
 122 0016 9A61     		str	r2, [r3, #24]
 123              		.loc 1 119 5 view .LVU21
 124 0018 9B69     		ldr	r3, [r3, #24]
 125 001a 03F00053 		and	r3, r3, #536870912
 126 001e 0193     		str	r3, [sp, #4]
 127              		.loc 1 119 5 view .LVU22
 128 0020 019B     		ldr	r3, [sp, #4]
 129              	.LBE4:
 120:Src/stm32f3xx_hal_msp.c ****   /* USER CODE BEGIN HRTIM1_MspInit 1 */
 121:Src/stm32f3xx_hal_msp.c **** 
 122:Src/stm32f3xx_hal_msp.c ****   /* USER CODE END HRTIM1_MspInit 1 */
 123:Src/stm32f3xx_hal_msp.c ****   }
 124:Src/stm32f3xx_hal_msp.c **** 
 125:Src/stm32f3xx_hal_msp.c **** }
 130              		.loc 1 125 1 is_stmt 0 view .LVU23
 131 0022 02B0     		add	sp, sp, #8
 132              	.LCFI4:
 133              		.cfi_def_cfa_offset 0
 134              		@ sp needed
 135 0024 7047     		bx	lr
 136              	.L13:
 137 0026 00BF     		.align	2
 138              	.L12:
 139 0028 00740140 		.word	1073837056
 140              		.cfi_endproc
 141              	.LFE698:
 143              		.section	.text.HAL_HRTIM_MspPostInit,"ax",%progbits
 144              		.align	1
 145              		.global	HAL_HRTIM_MspPostInit
 146              		.syntax unified
 147              		.thumb
 148              		.thumb_func
 149              		.fpu fpv4-sp-d16
 151              	HAL_HRTIM_MspPostInit:
 152              	.LVL2:
 153              	.LFB699:
 126:Src/stm32f3xx_hal_msp.c **** 
 127:Src/stm32f3xx_hal_msp.c **** void HAL_HRTIM_MspPostInit(HRTIM_HandleTypeDef* hhrtim)
 128:Src/stm32f3xx_hal_msp.c **** {
 154              		.loc 1 128 1 is_stmt 1 view -0
 155              		.cfi_startproc
 156              		@ args = 0, pretend = 0, frame = 24
 157              		@ frame_needed = 0, uses_anonymous_args = 0
 158              		.loc 1 128 1 is_stmt 0 view .LVU25
 159 0000 00B5     		push	{lr}
 160              	.LCFI5:
 161              		.cfi_def_cfa_offset 4
ARM GAS  /var/folders/dn/4cs4bb4d3kn04xk9lptm0ny00000gn/T//ccl2P5Ev.s 			page 6


 162              		.cfi_offset 14, -4
 163 0002 87B0     		sub	sp, sp, #28
 164              	.LCFI6:
 165              		.cfi_def_cfa_offset 32
 129:Src/stm32f3xx_hal_msp.c **** 
 130:Src/stm32f3xx_hal_msp.c ****   GPIO_InitTypeDef GPIO_InitStruct = {0};
 166              		.loc 1 130 3 is_stmt 1 view .LVU26
 167              		.loc 1 130 20 is_stmt 0 view .LVU27
 168 0004 0023     		movs	r3, #0
 169 0006 0193     		str	r3, [sp, #4]
 170 0008 0293     		str	r3, [sp, #8]
 171 000a 0393     		str	r3, [sp, #12]
 172 000c 0493     		str	r3, [sp, #16]
 173 000e 0593     		str	r3, [sp, #20]
 131:Src/stm32f3xx_hal_msp.c ****   if(hhrtim->Instance==HRTIM1)
 174              		.loc 1 131 3 is_stmt 1 view .LVU28
 175              		.loc 1 131 12 is_stmt 0 view .LVU29
 176 0010 0268     		ldr	r2, [r0]
 177              		.loc 1 131 5 view .LVU30
 178 0012 0F4B     		ldr	r3, .L18
 179 0014 9A42     		cmp	r2, r3
 180 0016 02D0     		beq	.L17
 181              	.LVL3:
 182              	.L14:
 132:Src/stm32f3xx_hal_msp.c ****   {
 133:Src/stm32f3xx_hal_msp.c ****   /* USER CODE BEGIN HRTIM1_MspPostInit 0 */
 134:Src/stm32f3xx_hal_msp.c **** 
 135:Src/stm32f3xx_hal_msp.c ****   /* USER CODE END HRTIM1_MspPostInit 0 */
 136:Src/stm32f3xx_hal_msp.c ****   
 137:Src/stm32f3xx_hal_msp.c ****     __HAL_RCC_GPIOB_CLK_ENABLE();
 138:Src/stm32f3xx_hal_msp.c ****     /**HRTIM1 GPIO Configuration    
 139:Src/stm32f3xx_hal_msp.c ****     PB12     ------> HRTIM1_CHC1
 140:Src/stm32f3xx_hal_msp.c ****     PB14     ------> HRTIM1_CHD1 
 141:Src/stm32f3xx_hal_msp.c ****     */
 142:Src/stm32f3xx_hal_msp.c ****     GPIO_InitStruct.Pin = BK_Drive_Pin|RC_Pin;
 143:Src/stm32f3xx_hal_msp.c ****     GPIO_InitStruct.Mode = GPIO_MODE_AF_PP;
 144:Src/stm32f3xx_hal_msp.c ****     GPIO_InitStruct.Pull = GPIO_NOPULL;
 145:Src/stm32f3xx_hal_msp.c ****     GPIO_InitStruct.Speed = GPIO_SPEED_FREQ_HIGH;
 146:Src/stm32f3xx_hal_msp.c ****     GPIO_InitStruct.Alternate = GPIO_AF13_HRTIM1;
 147:Src/stm32f3xx_hal_msp.c ****     HAL_GPIO_Init(GPIOB, &GPIO_InitStruct);
 148:Src/stm32f3xx_hal_msp.c **** 
 149:Src/stm32f3xx_hal_msp.c ****   /* USER CODE BEGIN HRTIM1_MspPostInit 1 */
 150:Src/stm32f3xx_hal_msp.c **** 
 151:Src/stm32f3xx_hal_msp.c ****   /* USER CODE END HRTIM1_MspPostInit 1 */
 152:Src/stm32f3xx_hal_msp.c ****   }
 153:Src/stm32f3xx_hal_msp.c **** 
 154:Src/stm32f3xx_hal_msp.c **** }
 183              		.loc 1 154 1 view .LVU31
 184 0018 07B0     		add	sp, sp, #28
 185              	.LCFI7:
 186              		.cfi_remember_state
 187              		.cfi_def_cfa_offset 4
 188              		@ sp needed
 189 001a 5DF804FB 		ldr	pc, [sp], #4
 190              	.LVL4:
 191              	.L17:
 192              	.LCFI8:
ARM GAS  /var/folders/dn/4cs4bb4d3kn04xk9lptm0ny00000gn/T//ccl2P5Ev.s 			page 7


 193              		.cfi_restore_state
 137:Src/stm32f3xx_hal_msp.c ****     /**HRTIM1 GPIO Configuration    
 194              		.loc 1 137 5 is_stmt 1 view .LVU32
 195              	.LBB5:
 137:Src/stm32f3xx_hal_msp.c ****     /**HRTIM1 GPIO Configuration    
 196              		.loc 1 137 5 view .LVU33
 137:Src/stm32f3xx_hal_msp.c ****     /**HRTIM1 GPIO Configuration    
 197              		.loc 1 137 5 view .LVU34
 198 001e 03F51C43 		add	r3, r3, #39936
 199 0022 5A69     		ldr	r2, [r3, #20]
 200 0024 42F48022 		orr	r2, r2, #262144
 201 0028 5A61     		str	r2, [r3, #20]
 137:Src/stm32f3xx_hal_msp.c ****     /**HRTIM1 GPIO Configuration    
 202              		.loc 1 137 5 view .LVU35
 203 002a 5B69     		ldr	r3, [r3, #20]
 204 002c 03F48023 		and	r3, r3, #262144
 205 0030 0093     		str	r3, [sp]
 137:Src/stm32f3xx_hal_msp.c ****     /**HRTIM1 GPIO Configuration    
 206              		.loc 1 137 5 view .LVU36
 207 0032 009B     		ldr	r3, [sp]
 208              	.LBE5:
 142:Src/stm32f3xx_hal_msp.c ****     GPIO_InitStruct.Mode = GPIO_MODE_AF_PP;
 209              		.loc 1 142 5 view .LVU37
 142:Src/stm32f3xx_hal_msp.c ****     GPIO_InitStruct.Mode = GPIO_MODE_AF_PP;
 210              		.loc 1 142 25 is_stmt 0 view .LVU38
 211 0034 4FF4A043 		mov	r3, #20480
 212 0038 0193     		str	r3, [sp, #4]
 143:Src/stm32f3xx_hal_msp.c ****     GPIO_InitStruct.Pull = GPIO_NOPULL;
 213              		.loc 1 143 5 is_stmt 1 view .LVU39
 143:Src/stm32f3xx_hal_msp.c ****     GPIO_InitStruct.Pull = GPIO_NOPULL;
 214              		.loc 1 143 26 is_stmt 0 view .LVU40
 215 003a 0223     		movs	r3, #2
 216 003c 0293     		str	r3, [sp, #8]
 144:Src/stm32f3xx_hal_msp.c ****     GPIO_InitStruct.Speed = GPIO_SPEED_FREQ_HIGH;
 217              		.loc 1 144 5 is_stmt 1 view .LVU41
 145:Src/stm32f3xx_hal_msp.c ****     GPIO_InitStruct.Alternate = GPIO_AF13_HRTIM1;
 218              		.loc 1 145 5 view .LVU42
 145:Src/stm32f3xx_hal_msp.c ****     GPIO_InitStruct.Alternate = GPIO_AF13_HRTIM1;
 219              		.loc 1 145 27 is_stmt 0 view .LVU43
 220 003e 0323     		movs	r3, #3
 221 0040 0493     		str	r3, [sp, #16]
 146:Src/stm32f3xx_hal_msp.c ****     HAL_GPIO_Init(GPIOB, &GPIO_InitStruct);
 222              		.loc 1 146 5 is_stmt 1 view .LVU44
 146:Src/stm32f3xx_hal_msp.c ****     HAL_GPIO_Init(GPIOB, &GPIO_InitStruct);
 223              		.loc 1 146 31 is_stmt 0 view .LVU45
 224 0042 0D23     		movs	r3, #13
 225 0044 0593     		str	r3, [sp, #20]
 147:Src/stm32f3xx_hal_msp.c **** 
 226              		.loc 1 147 5 is_stmt 1 view .LVU46
 227 0046 01A9     		add	r1, sp, #4
 228 0048 0248     		ldr	r0, .L18+4
 229              	.LVL5:
 147:Src/stm32f3xx_hal_msp.c **** 
 230              		.loc 1 147 5 is_stmt 0 view .LVU47
 231 004a FFF7FEFF 		bl	HAL_GPIO_Init
 232              	.LVL6:
 233              		.loc 1 154 1 view .LVU48
ARM GAS  /var/folders/dn/4cs4bb4d3kn04xk9lptm0ny00000gn/T//ccl2P5Ev.s 			page 8


 234 004e E3E7     		b	.L14
 235              	.L19:
 236              		.align	2
 237              	.L18:
 238 0050 00740140 		.word	1073837056
 239 0054 00040048 		.word	1207960576
 240              		.cfi_endproc
 241              	.LFE699:
 243              		.section	.text.HAL_HRTIM_MspDeInit,"ax",%progbits
 244              		.align	1
 245              		.global	HAL_HRTIM_MspDeInit
 246              		.syntax unified
 247              		.thumb
 248              		.thumb_func
 249              		.fpu fpv4-sp-d16
 251              	HAL_HRTIM_MspDeInit:
 252              	.LVL7:
 253              	.LFB700:
 155:Src/stm32f3xx_hal_msp.c **** /**
 156:Src/stm32f3xx_hal_msp.c **** * @brief HRTIM MSP De-Initialization
 157:Src/stm32f3xx_hal_msp.c **** * This function freeze the hardware resources used in this example
 158:Src/stm32f3xx_hal_msp.c **** * @param hhrtim: HRTIM handle pointer
 159:Src/stm32f3xx_hal_msp.c **** * @retval None
 160:Src/stm32f3xx_hal_msp.c **** */
 161:Src/stm32f3xx_hal_msp.c **** 
 162:Src/stm32f3xx_hal_msp.c **** void HAL_HRTIM_MspDeInit(HRTIM_HandleTypeDef* hhrtim)
 163:Src/stm32f3xx_hal_msp.c **** {
 254              		.loc 1 163 1 is_stmt 1 view -0
 255              		.cfi_startproc
 256              		@ args = 0, pretend = 0, frame = 0
 257              		@ frame_needed = 0, uses_anonymous_args = 0
 258              		@ link register save eliminated.
 164:Src/stm32f3xx_hal_msp.c **** 
 165:Src/stm32f3xx_hal_msp.c ****   if(hhrtim->Instance==HRTIM1)
 259              		.loc 1 165 3 view .LVU50
 260              		.loc 1 165 12 is_stmt 0 view .LVU51
 261 0000 0268     		ldr	r2, [r0]
 262              		.loc 1 165 5 view .LVU52
 263 0002 054B     		ldr	r3, .L23
 264 0004 9A42     		cmp	r2, r3
 265 0006 00D0     		beq	.L22
 266              	.L20:
 166:Src/stm32f3xx_hal_msp.c ****   {
 167:Src/stm32f3xx_hal_msp.c ****   /* USER CODE BEGIN HRTIM1_MspDeInit 0 */
 168:Src/stm32f3xx_hal_msp.c **** 
 169:Src/stm32f3xx_hal_msp.c ****   /* USER CODE END HRTIM1_MspDeInit 0 */
 170:Src/stm32f3xx_hal_msp.c ****     /* Peripheral clock disable */
 171:Src/stm32f3xx_hal_msp.c ****     __HAL_RCC_HRTIM1_CLK_DISABLE();
 172:Src/stm32f3xx_hal_msp.c ****   /* USER CODE BEGIN HRTIM1_MspDeInit 1 */
 173:Src/stm32f3xx_hal_msp.c **** 
 174:Src/stm32f3xx_hal_msp.c ****   /* USER CODE END HRTIM1_MspDeInit 1 */
 175:Src/stm32f3xx_hal_msp.c ****   }
 176:Src/stm32f3xx_hal_msp.c **** 
 177:Src/stm32f3xx_hal_msp.c **** }
 267              		.loc 1 177 1 view .LVU53
 268 0008 7047     		bx	lr
 269              	.L22:
ARM GAS  /var/folders/dn/4cs4bb4d3kn04xk9lptm0ny00000gn/T//ccl2P5Ev.s 			page 9


 171:Src/stm32f3xx_hal_msp.c ****   /* USER CODE BEGIN HRTIM1_MspDeInit 1 */
 270              		.loc 1 171 5 is_stmt 1 view .LVU54
 271 000a 044A     		ldr	r2, .L23+4
 272 000c 9369     		ldr	r3, [r2, #24]
 273 000e 23F00053 		bic	r3, r3, #536870912
 274 0012 9361     		str	r3, [r2, #24]
 275              		.loc 1 177 1 is_stmt 0 view .LVU55
 276 0014 F8E7     		b	.L20
 277              	.L24:
 278 0016 00BF     		.align	2
 279              	.L23:
 280 0018 00740140 		.word	1073837056
 281 001c 00100240 		.word	1073876992
 282              		.cfi_endproc
 283              	.LFE700:
 285              		.text
 286              	.Letext0:
 287              		.file 2 "/usr/local/Cellar/gcc-arm-none-eabi-80/20181220/arm-none-eabi/include/machine/_default_ty
 288              		.file 3 "/usr/local/Cellar/gcc-arm-none-eabi-80/20181220/arm-none-eabi/include/sys/_stdint.h"
 289              		.file 4 "Drivers/CMSIS/Include/core_cm4.h"
 290              		.file 5 "Drivers/CMSIS/Device/ST/STM32F3xx/Include/system_stm32f3xx.h"
 291              		.file 6 "Drivers/CMSIS/Device/ST/STM32F3xx/Include/stm32f334x8.h"
 292              		.file 7 "/usr/local/Cellar/gcc-arm-none-eabi-80/20181220/arm-none-eabi/include/sys/lock.h"
 293              		.file 8 "/usr/local/Cellar/gcc-arm-none-eabi-80/20181220/arm-none-eabi/include/sys/_types.h"
 294              		.file 9 "/usr/local/Cellar/gcc-arm-none-eabi-80/20181220/lib/gcc/arm-none-eabi/8.2.1/include/stdde
 295              		.file 10 "/usr/local/Cellar/gcc-arm-none-eabi-80/20181220/arm-none-eabi/include/sys/reent.h"
 296              		.file 11 "Drivers/STM32F3xx_HAL_Driver/Inc/stm32f3xx_hal_def.h"
 297              		.file 12 "Drivers/STM32F3xx_HAL_Driver/Inc/stm32f3xx_hal_gpio.h"
 298              		.file 13 "Drivers/STM32F3xx_HAL_Driver/Inc/stm32f3xx_hal_dma.h"
 299              		.file 14 "Drivers/STM32F3xx_HAL_Driver/Inc/stm32f3xx_hal_hrtim.h"
 300              		.file 15 "Drivers/STM32F3xx_HAL_Driver/Inc/stm32f3xx_hal.h"
 301              		.file 16 "Drivers/STM32F3xx_HAL_Driver/Inc/stm32f3xx_ll_dma.h"
 302              		.file 17 "Drivers/STM32F3xx_HAL_Driver/Inc/stm32f3xx_hal_cortex.h"
ARM GAS  /var/folders/dn/4cs4bb4d3kn04xk9lptm0ny00000gn/T//ccl2P5Ev.s 			page 10


DEFINED SYMBOLS
                            *ABS*:0000000000000000 stm32f3xx_hal_msp.c
/var/folders/dn/4cs4bb4d3kn04xk9lptm0ny00000gn/T//ccl2P5Ev.s:18     .text.HAL_MspInit:0000000000000000 $t
/var/folders/dn/4cs4bb4d3kn04xk9lptm0ny00000gn/T//ccl2P5Ev.s:26     .text.HAL_MspInit:0000000000000000 HAL_MspInit
/var/folders/dn/4cs4bb4d3kn04xk9lptm0ny00000gn/T//ccl2P5Ev.s:82     .text.HAL_MspInit:0000000000000038 $d
/var/folders/dn/4cs4bb4d3kn04xk9lptm0ny00000gn/T//ccl2P5Ev.s:87     .text.HAL_HRTIM_MspInit:0000000000000000 $t
/var/folders/dn/4cs4bb4d3kn04xk9lptm0ny00000gn/T//ccl2P5Ev.s:94     .text.HAL_HRTIM_MspInit:0000000000000000 HAL_HRTIM_MspInit
/var/folders/dn/4cs4bb4d3kn04xk9lptm0ny00000gn/T//ccl2P5Ev.s:139    .text.HAL_HRTIM_MspInit:0000000000000028 $d
/var/folders/dn/4cs4bb4d3kn04xk9lptm0ny00000gn/T//ccl2P5Ev.s:144    .text.HAL_HRTIM_MspPostInit:0000000000000000 $t
/var/folders/dn/4cs4bb4d3kn04xk9lptm0ny00000gn/T//ccl2P5Ev.s:151    .text.HAL_HRTIM_MspPostInit:0000000000000000 HAL_HRTIM_MspPostInit
/var/folders/dn/4cs4bb4d3kn04xk9lptm0ny00000gn/T//ccl2P5Ev.s:238    .text.HAL_HRTIM_MspPostInit:0000000000000050 $d
/var/folders/dn/4cs4bb4d3kn04xk9lptm0ny00000gn/T//ccl2P5Ev.s:244    .text.HAL_HRTIM_MspDeInit:0000000000000000 $t
/var/folders/dn/4cs4bb4d3kn04xk9lptm0ny00000gn/T//ccl2P5Ev.s:251    .text.HAL_HRTIM_MspDeInit:0000000000000000 HAL_HRTIM_MspDeInit
/var/folders/dn/4cs4bb4d3kn04xk9lptm0ny00000gn/T//ccl2P5Ev.s:280    .text.HAL_HRTIM_MspDeInit:0000000000000018 $d

UNDEFINED SYMBOLS
HAL_NVIC_SetPriorityGrouping
HAL_GPIO_Init
